[     417ms] [WARNING] Image with src "http://localhost:3000/images/hero-bg.jpg" has "fill" and parent element with invalid "position". Provided "static" should be one of absolute,fixed,relative. @ http://localhost:3000/_next/static/chunks/node_modules_next_dist_f3530cac._.js:2297
[     419ms] [WARNING] Image with src "http://localhost:3000/images/who-we-are-1.jpg" has "fill" and parent element with invalid "position". Provided "static" should be one of absolute,fixed,relative. @ http://localhost:3000/_next/static/chunks/node_modules_next_dist_f3530cac._.js:2297
[     419ms] [WARNING] Image with src "http://localhost:3000/images/who-we-are-2.jpg" has "fill" and parent element with invalid "position". Provided "static" should be one of absolute,fixed,relative. @ http://localhost:3000/_next/static/chunks/node_modules_next_dist_f3530cac._.js:2297
[     419ms] [WARNING] Image with src "http://localhost:3000/images/who-we-are-3.jpg" has "fill" and parent element with invalid "position". Provided "static" should be one of absolute,fixed,relative. @ http://localhost:3000/_next/static/chunks/node_modules_next_dist_f3530cac._.js:2297
[     420ms] [WARNING] Image with src "http://localhost:3000/images/event-1.jpg" has "fill" and parent element with invalid "position". Provided "static" should be one of absolute,fixed,relative. @ http://localhost:3000/_next/static/chunks/node_modules_next_dist_f3530cac._.js:2297
[     421ms] [WARNING] Image with src "http://localhost:3000/images/event-2.jpg" has "fill" and parent element with invalid "position". Provided "static" should be one of absolute,fixed,relative. @ http://localhost:3000/_next/static/chunks/node_modules_next_dist_f3530cac._.js:2297
[     422ms] [WARNING] Image with src "http://localhost:3000/images/event-3.jpg" has "fill" and parent element with invalid "position". Provided "static" should be one of absolute,fixed,relative. @ http://localhost:3000/_next/static/chunks/node_modules_next_dist_f3530cac._.js:2297
[     423ms] [WARNING] Image with src "http://localhost:3000/images/next-step-1.jpg" has "fill" and parent element with invalid "position". Provided "static" should be one of absolute,fixed,relative. @ http://localhost:3000/_next/static/chunks/node_modules_next_dist_f3530cac._.js:2297
[     424ms] [WARNING] Image with src "http://localhost:3000/images/next-step-2.jpg" has "fill" and parent element with invalid "position". Provided "static" should be one of absolute,fixed,relative. @ http://localhost:3000/_next/static/chunks/node_modules_next_dist_f3530cac._.js:2297
[     426ms] [WARNING] Image with src "http://localhost:3000/images/next-step-3.jpg" has "fill" and parent element with invalid "position". Provided "static" should be one of absolute,fixed,relative. @ http://localhost:3000/_next/static/chunks/node_modules_next_dist_f3530cac._.js:2297
[     427ms] [WARNING] Image with src "http://localhost:3000/images/next-step-4.jpg" has "fill" and parent element with invalid "position". Provided "static" should be one of absolute,fixed,relative. @ http://localhost:3000/_next/static/chunks/node_modules_next_dist_f3530cac._.js:2297
[     429ms] [WARNING] Image with src "http://localhost:3000/images/campus-ministry.jpg" has "fill" and parent element with invalid "position". Provided "static" should be one of absolute,fixed,relative. @ http://localhost:3000/_next/static/chunks/node_modules_next_dist_f3530cac._.js:2297
[     431ms] [WARNING] Image with src "http://localhost:3000/images/sermon-thumbnail.jpg" has "fill" and parent element with invalid "position". Provided "static" should be one of absolute,fixed,relative. @ http://localhost:3000/_next/static/chunks/node_modules_next_dist_f3530cac._.js:2297
[     432ms] [WARNING] Image with src "http://localhost:3000/images/video-1.jpg" has "fill" and parent element with invalid "position". Provided "static" should be one of absolute,fixed,relative. @ http://localhost:3000/_next/static/chunks/node_modules_next_dist_f3530cac._.js:2297
[     432ms] [WARNING] Image with src "http://localhost:3000/images/video-2.jpg" has "fill" and parent element with invalid "position". Provided "static" should be one of absolute,fixed,relative. @ http://localhost:3000/_next/static/chunks/node_modules_next_dist_f3530cac._.js:2297
[     433ms] [WARNING] Image with src "http://localhost:3000/images/video-3.jpg" has "fill" and parent element with invalid "position". Provided "static" should be one of absolute,fixed,relative. @ http://localhost:3000/_next/static/chunks/node_modules_next_dist_f3530cac._.js:2297
[     437ms] [WARNING] Image with src "http://localhost:3000/images/visit-us-bg.jpg" has "fill" and parent element with invalid "position". Provided "static" should be one of absolute,fixed,relative. @ http://localhost:3000/_next/static/chunks/node_modules_next_dist_f3530cac._.js:2297
[  233835ms] [ERROR] Failed to load resource: the server responded with a status of 404 (Not Found) @ http://localhost:3000/fonts/DMSerifText-Regular.woff2:0
[  233835ms] [ERROR] Failed to load resource: the server responded with a status of 404 (Not Found) @ http://localhost:3000/fonts/strude-regular.woff2:0
[  233835ms] [ERROR] Failed to load resource: the server responded with a status of 404 (Not Found) @ http://localhost:3000/fonts/DMSerifDisplay-Italic.woff2:0
[  236422ms] [ERROR] WebSocket connection to 'ws://localhost:3000/_next/webpack-hmr?id=lCEVfk2l6hjdS5gdHj0sr' failed:  @ http://localhost:3000/_next/static/chunks/node_modules_next_dist_client_17643121._.js:10878
[  237421ms] [ERROR] Failed to load resource: net::ERR_CONNECTION_REFUSED @ http://localhost:3000/images/event-3.jpg:0
[  237424ms] [ERROR] WebSocket connection to 'ws://localhost:3000/_next/webpack-hmr?id=lCEVfk2l6hjdS5gdHj0sr' failed: Error in connection establishment: net::ERR_CONNECTION_REFUSED @ http://localhost:3000/_next/static/chunks/node_modules_next_dist_client_17643121._.js:10878
[  238426ms] [ERROR] WebSocket connection to 'ws://localhost:3000/_next/webpack-hmr?id=lCEVfk2l6hjdS5gdHj0sr' failed: Error in connection establishment: net::ERR_CONNECTION_REFUSED @ http://localhost:3000/_next/static/chunks/node_modules_next_dist_client_17643121._.js:10878
[  239019ms] [ERROR] Failed to load resource: net::ERR_CONNECTION_REFUSED @ http://localhost:3000/images/next-step-1.jpg:0
[  239019ms] [ERROR] Failed to load resource: net::ERR_CONNECTION_REFUSED @ http://localhost:3000/images/next-step-2.jpg:0
[  241671ms] [ERROR] Failed to load resource: the server responded with a status of 404 (Not Found) @ http://localhost:3000/fonts/strude-regular.woff2:0
[  241671ms] [ERROR] Failed to load resource: the server responded with a status of 404 (Not Found) @ http://localhost:3000/fonts/DMSerifText-Regular.woff2:0
[  241671ms] [ERROR] Failed to load resource: the server responded with a status of 404 (Not Found) @ http://localhost:3000/fonts/DMSerifDisplay-Italic.woff2:0
